<?xml version="1.0" encoding="UTF-8"?>
<coverage generated="1763611034795" clover="3.2.0">
  <project timestamp="1763611034796" name="All files">
    <metrics statements="36" coveredstatements="35" conditionals="22" coveredconditionals="21" methods="3" coveredmethods="3" elements="61" coveredelements="59" complexity="0" loc="36" ncloc="36" packages="1" files="1" classes="1"/>
    <file name="romanos.js" path="C:\Programacion Full stack\Diseños y Arquitecturas de despliegues I\numeros-romanos-Leanherediadev_Oficial\numeros-romanos-Leanherediadev\romanos.js">
      <metrics statements="36" coveredstatements="35" conditionals="22" coveredconditionals="21" methods="3" coveredmethods="3"/>
      <line num="4" count="17" type="cond" truecount="4" falsecount="0"/>
      <line num="5" count="1" type="stmt"/>
      <line num="7" count="16" type="cond" truecount="2" falsecount="0"/>
      <line num="8" count="1" type="stmt"/>
      <line num="10" count="15" type="cond" truecount="4" falsecount="0"/>
      <line num="11" count="2" type="stmt"/>
      <line num="14" count="13" type="stmt"/>
      <line num="20" count="13" type="stmt"/>
      <line num="21" count="13" type="stmt"/>
      <line num="22" count="169" type="stmt"/>
      <line num="23" count="35" type="stmt"/>
      <line num="24" count="35" type="stmt"/>
      <line num="27" count="13" type="stmt"/>
      <line num="31" count="13" type="cond" truecount="2" falsecount="0"/>
      <line num="32" count="1" type="stmt"/>
      <line num="35" count="12" type="stmt"/>
      <line num="36" count="12" type="cond" truecount="2" falsecount="0"/>
      <line num="37" count="1" type="stmt"/>
      <line num="40" count="11" type="stmt"/>
      <line num="42" count="11" type="cond" truecount="2" falsecount="0"/>
      <line num="43" count="1" type="stmt"/>
      <line num="46" count="10" type="stmt"/>
      <line num="47" count="34" type="cond" truecount="2" falsecount="0"/>
      <line num="48" count="4" type="stmt"/>
      <line num="51" count="6" type="stmt"/>
      <line num="52" count="6" type="stmt"/>
      <line num="54" count="6" type="stmt"/>
      <line num="55" count="22" type="stmt"/>
      <line num="56" count="22" type="cond" truecount="2" falsecount="0"/>
      <line num="57" count="6" type="stmt"/>
      <line num="59" count="16" type="stmt"/>
      <line num="60" count="16" type="stmt"/>
      <line num="65" count="6" type="cond" truecount="1" falsecount="1"/>
      <line num="66" count="0" type="stmt"/>
      <line num="69" count="6" type="stmt"/>
      <line num="72" count="1" type="stmt"/>
    </file>
  </project>
</coverage>
