{"C:\\Programacion Full stack\\Diseños y Arquitecturas de despliegues I\\numeros-romanos-Leanherediadev\\api\\apiError.js": {"path":"C:\\Programacion Full stack\\Diseños y Arquitecturas de despliegues I\\numeros-romanos-Leanherediadev\\api\\apiError.js","statementMap":{"0":{"start":{"line":3,"column":8},"end":{"line":3,"column":22}},"1":{"start":{"line":4,"column":8},"end":{"line":4,"column":29}},"2":{"start":{"line":5,"column":8},"end":{"line":5,"column":27}},"3":{"start":{"line":6,"column":8},"end":{"line":6,"column":29}},"4":{"start":{"line":7,"column":8},"end":{"line":7,"column":25}},"5":{"start":{"line":8,"column":8},"end":{"line":8,"column":37}},"6":{"start":{"line":9,"column":8},"end":{"line":9,"column":56}},"7":{"start":{"line":15,"column":6},"end":{"line":20,"column":8}},"8":{"start":{"line":21,"column":6},"end":{"line":21,"column":35}}},"fnMap":{"0":{"name":"(anonymous_0)","decl":{"start":{"line":2,"column":4},"end":{"line":2,"column":5}},"loc":{"start":{"line":2,"column":71},"end":{"line":10,"column":5}},"line":2},"1":{"name":"(anonymous_1)","decl":{"start":{"line":14,"column":4},"end":{"line":14,"column":5}},"loc":{"start":{"line":14,"column":38},"end":{"line":22,"column":5}},"line":14}},"branchMap":{"0":{"loc":{"start":{"line":2,"column":36},"end":{"line":2,"column":56}},"type":"default-arg","locations":[{"start":{"line":2,"column":43},"end":{"line":2,"column":56}}],"line":2},"1":{"loc":{"start":{"line":2,"column":57},"end":{"line":2,"column":70}},"type":"default-arg","locations":[{"start":{"line":2,"column":68},"end":{"line":2,"column":70}}],"line":2}},"s":{"0":35,"1":35,"2":35,"3":35,"4":35,"5":35,"6":35,"7":35,"8":35},"f":{"0":35,"1":35},"b":{"0":[0],"1":[35]},"_coverageSchema":"1a1c01bbd47fc00a2c39e90264f33305004495a9","hash":"dc05aa7ae2dcee1af1b0eb6d29ca61533da05638"}
,"C:\\Programacion Full stack\\Diseños y Arquitecturas de despliegues I\\numeros-romanos-Leanherediadev\\api\\arabicToRoman.js": {"path":"C:\\Programacion Full stack\\Diseños y Arquitecturas de despliegues I\\numeros-romanos-Leanherediadev\\api\\arabicToRoman.js","statementMap":{"0":{"start":{"line":2,"column":22},"end":{"line":6,"column":3}},"1":{"start":{"line":8,"column":18},"end":{"line":8,"column":20}},"2":{"start":{"line":9,"column":10},"end":{"line":9,"column":11}},"3":{"start":{"line":10,"column":2},"end":{"line":15,"column":3}},"4":{"start":{"line":11,"column":6},"end":{"line":14,"column":7}},"5":{"start":{"line":12,"column":10},"end":{"line":12,"column":31}},"6":{"start":{"line":13,"column":10},"end":{"line":13,"column":23}},"7":{"start":{"line":16,"column":2},"end":{"line":16,"column":19}}},"fnMap":{"0":{"name":"arabicToRoman","decl":{"start":{"line":1,"column":9},"end":{"line":1,"column":22}},"loc":{"start":{"line":1,"column":28},"end":{"line":17,"column":1}},"line":1}},"branchMap":{},"s":{"0":16,"1":16,"2":16,"3":16,"4":208,"5":45,"6":45,"7":16},"f":{"0":16},"b":{},"_coverageSchema":"1a1c01bbd47fc00a2c39e90264f33305004495a9","hash":"82d606da59452d66c8d9e28d2509c6736fff82fc"}
,"C:\\Programacion Full stack\\Diseños y Arquitecturas de despliegues I\\numeros-romanos-Leanherediadev\\api\\convertirEntradaRomanos.js": {"path":"C:\\Programacion Full stack\\Diseños y Arquitecturas de despliegues I\\numeros-romanos-Leanherediadev\\api\\convertirEntradaRomanos.js","statementMap":{"0":{"start":{"line":8,"column":4},"end":{"line":8,"column":42}},"1":{"start":{"line":11,"column":20},"end":{"line":11,"column":46}},"2":{"start":{"line":14,"column":26},"end":{"line":14,"column":54}},"3":{"start":{"line":17,"column":28},"end":{"line":17,"column":42}},"4":{"start":{"line":19,"column":4},"end":{"line":25,"column":5}},"5":{"start":{"line":20,"column":8},"end":{"line":24,"column":10}},"6":{"start":{"line":27,"column":4},"end":{"line":27,"column":19}}},"fnMap":{"0":{"name":"convertirEntradaRomano","decl":{"start":{"line":6,"column":9},"end":{"line":6,"column":31}},"loc":{"start":{"line":6,"column":45},"end":{"line":28,"column":1}},"line":6}},"branchMap":{"0":{"loc":{"start":{"line":19,"column":4},"end":{"line":25,"column":5}},"type":"if","locations":[{"start":{"line":19,"column":4},"end":{"line":25,"column":5}},{"start":{},"end":{}}],"line":19}},"s":{"0":2,"1":1,"2":1,"3":1,"4":1,"5":0,"6":1},"f":{"0":2},"b":{"0":[0,1]},"_coverageSchema":"1a1c01bbd47fc00a2c39e90264f33305004495a9","hash":"52dac7ab4df69cd6836dea0657e5177a33fdddbc"}
,"C:\\Programacion Full stack\\Diseños y Arquitecturas de despliegues I\\numeros-romanos-Leanherediadev\\api\\errorMiddleware.js": {"path":"C:\\Programacion Full stack\\Diseños y Arquitecturas de despliegues I\\numeros-romanos-Leanherediadev\\api\\errorMiddleware.js","statementMap":{"0":{"start":{"line":4,"column":17},"end":{"line":4,"column":34}},"1":{"start":{"line":5,"column":23},"end":{"line":5,"column":25}},"2":{"start":{"line":6,"column":4},"end":{"line":25,"column":5}},"3":{"start":{"line":7,"column":8},"end":{"line":14,"column":10}},"4":{"start":{"line":15,"column":8},"end":{"line":15,"column":28}},"5":{"start":{"line":18,"column":8},"end":{"line":24,"column":10}},"6":{"start":{"line":26,"column":4},"end":{"line":28,"column":28}}},"fnMap":{"0":{"name":"errorMiddleware","decl":{"start":{"line":3,"column":9},"end":{"line":3,"column":24}},"loc":{"start":{"line":3,"column":42},"end":{"line":29,"column":1}},"line":3}},"branchMap":{"0":{"loc":{"start":{"line":4,"column":17},"end":{"line":4,"column":34}},"type":"binary-expr","locations":[{"start":{"line":4,"column":17},"end":{"line":4,"column":27}},{"start":{"line":4,"column":31},"end":{"line":4,"column":34}}],"line":4},"1":{"loc":{"start":{"line":6,"column":4},"end":{"line":25,"column":5}},"type":"if","locations":[{"start":{"line":6,"column":4},"end":{"line":25,"column":5}},{"start":{"line":17,"column":8},"end":{"line":25,"column":5}}],"line":6},"2":{"loc":{"start":{"line":12,"column":23},"end":{"line":12,"column":54}},"type":"binary-expr","locations":[{"start":{"line":12,"column":23},"end":{"line":12,"column":35}},{"start":{"line":12,"column":39},"end":{"line":12,"column":54}}],"line":12}},"s":{"0":0,"1":0,"2":0,"3":0,"4":0,"5":0,"6":0},"f":{"0":0},"b":{"0":[0,0],"1":[0,0],"2":[0,0]}}
,"C:\\Programacion Full stack\\Diseños y Arquitecturas de despliegues I\\numeros-romanos-Leanherediadev\\api\\romanToArabic.js": {"path":"C:\\Programacion Full stack\\Diseños y Arquitecturas de despliegues I\\numeros-romanos-Leanherediadev\\api\\romanToArabic.js","statementMap":{"0":{"start":{"line":4,"column":14},"end":{"line":4,"column":15}},"1":{"start":{"line":5,"column":15},"end":{"line":5,"column":16}},"2":{"start":{"line":7,"column":21},"end":{"line":15,"column":3}},"3":{"start":{"line":18,"column":2},"end":{"line":69,"column":3}},"4":{"start":{"line":18,"column":15},"end":{"line":18,"column":31}},"5":{"start":{"line":19,"column":19},"end":{"line":19,"column":39}},"6":{"start":{"line":21,"column":4},"end":{"line":66,"column":5}},"7":{"start":{"line":22,"column":6},"end":{"line":22,"column":22}},"8":{"start":{"line":24,"column":6},"end":{"line":63,"column":7}},"9":{"start":{"line":26,"column":10},"end":{"line":32,"column":11}},"10":{"start":{"line":27,"column":12},"end":{"line":31,"column":14}},"11":{"start":{"line":33,"column":10},"end":{"line":33,"column":16}},"12":{"start":{"line":36,"column":10},"end":{"line":42,"column":11}},"13":{"start":{"line":37,"column":12},"end":{"line":41,"column":14}},"14":{"start":{"line":43,"column":10},"end":{"line":43,"column":16}},"15":{"start":{"line":46,"column":10},"end":{"line":52,"column":11}},"16":{"start":{"line":47,"column":12},"end":{"line":51,"column":14}},"17":{"start":{"line":53,"column":10},"end":{"line":53,"column":16}},"18":{"start":{"line":58,"column":10},"end":{"line":62,"column":12}},"19":{"start":{"line":65,"column":6},"end":{"line":65,"column":22}},"20":{"start":{"line":68,"column":4},"end":{"line":68,"column":20}},"21":{"start":{"line":71,"column":2},"end":{"line":71,"column":15}}},"fnMap":{"0":{"name":"romanToArabic","decl":{"start":{"line":3,"column":9},"end":{"line":3,"column":22}},"loc":{"start":{"line":3,"column":36},"end":{"line":72,"column":1}},"line":3}},"branchMap":{"0":{"loc":{"start":{"line":21,"column":4},"end":{"line":66,"column":5}},"type":"if","locations":[{"start":{"line":21,"column":4},"end":{"line":66,"column":5}},{"start":{"line":23,"column":11},"end":{"line":66,"column":5}}],"line":21},"1":{"loc":{"start":{"line":24,"column":6},"end":{"line":63,"column":7}},"type":"switch","locations":[{"start":{"line":25,"column":8},"end":{"line":33,"column":16}},{"start":{"line":35,"column":8},"end":{"line":43,"column":16}},{"start":{"line":45,"column":8},"end":{"line":53,"column":16}},{"start":{"line":55,"column":8},"end":{"line":55,"column":15}},{"start":{"line":56,"column":8},"end":{"line":56,"column":16}},{"start":{"line":57,"column":8},"end":{"line":62,"column":12}}],"line":24},"2":{"loc":{"start":{"line":26,"column":10},"end":{"line":32,"column":11}},"type":"if","locations":[{"start":{"line":26,"column":10},"end":{"line":32,"column":11}},{"start":{},"end":{}}],"line":26},"3":{"loc":{"start":{"line":26,"column":14},"end":{"line":26,"column":43}},"type":"binary-expr","locations":[{"start":{"line":26,"column":14},"end":{"line":26,"column":26}},{"start":{"line":26,"column":30},"end":{"line":26,"column":43}}],"line":26},"4":{"loc":{"start":{"line":36,"column":10},"end":{"line":42,"column":11}},"type":"if","locations":[{"start":{"line":36,"column":10},"end":{"line":42,"column":11}},{"start":{},"end":{}}],"line":36},"5":{"loc":{"start":{"line":36,"column":14},"end":{"line":36,"column":45}},"type":"binary-expr","locations":[{"start":{"line":36,"column":14},"end":{"line":36,"column":27}},{"start":{"line":36,"column":31},"end":{"line":36,"column":45}}],"line":36},"6":{"loc":{"start":{"line":46,"column":10},"end":{"line":52,"column":11}},"type":"if","locations":[{"start":{"line":46,"column":10},"end":{"line":52,"column":11}},{"start":{},"end":{}}],"line":46},"7":{"loc":{"start":{"line":46,"column":14},"end":{"line":46,"column":47}},"type":"binary-expr","locations":[{"start":{"line":46,"column":14},"end":{"line":46,"column":28}},{"start":{"line":46,"column":32},"end":{"line":46,"column":47}}],"line":46}},"s":{"0":24,"1":24,"2":24,"3":24,"4":24,"5":73,"6":73,"7":46,"8":27,"9":10,"10":4,"11":6,"12":8,"13":2,"14":6,"15":5,"16":0,"17":5,"18":3,"19":18,"20":64,"21":15},"f":{"0":24},"b":{"0":[46,27],"1":[10,8,5,1,2,3],"2":[4,6],"3":[10,7],"4":[2,6],"5":[8,5],"6":[0,5],"7":[5,3]},"_coverageSchema":"1a1c01bbd47fc00a2c39e90264f33305004495a9","hash":"f73081293d0dea8a7bb2ead9cb4069dbe0e4bb33"}
,"C:\\Programacion Full stack\\Diseños y Arquitecturas de despliegues I\\numeros-romanos-Leanherediadev\\api\\verificarEntradaDecimal.js": {"path":"C:\\Programacion Full stack\\Diseños y Arquitecturas de despliegues I\\numeros-romanos-Leanherediadev\\api\\verificarEntradaDecimal.js","statementMap":{"0":{"start":{"line":4,"column":17},"end":{"line":4,"column":31}},"1":{"start":{"line":6,"column":2},"end":{"line":11,"column":3}},"2":{"start":{"line":7,"column":4},"end":{"line":10,"column":6}},"3":{"start":{"line":13,"column":2},"end":{"line":18,"column":3}},"4":{"start":{"line":14,"column":4},"end":{"line":17,"column":6}},"5":{"start":{"line":20,"column":2},"end":{"line":25,"column":3}},"6":{"start":{"line":21,"column":4},"end":{"line":24,"column":6}},"7":{"start":{"line":27,"column":2},"end":{"line":27,"column":16}}},"fnMap":{"0":{"name":"verificarEntradaDecimal","decl":{"start":{"line":3,"column":9},"end":{"line":3,"column":32}},"loc":{"start":{"line":3,"column":47},"end":{"line":28,"column":1}},"line":3}},"branchMap":{"0":{"loc":{"start":{"line":6,"column":2},"end":{"line":11,"column":3}},"type":"if","locations":[{"start":{"line":6,"column":2},"end":{"line":11,"column":3}},{"start":{},"end":{}}],"line":6},"1":{"loc":{"start":{"line":13,"column":2},"end":{"line":18,"column":3}},"type":"if","locations":[{"start":{"line":13,"column":2},"end":{"line":18,"column":3}},{"start":{},"end":{}}],"line":13},"2":{"loc":{"start":{"line":20,"column":2},"end":{"line":25,"column":3}},"type":"if","locations":[{"start":{"line":20,"column":2},"end":{"line":25,"column":3}},{"start":{},"end":{}}],"line":20},"3":{"loc":{"start":{"line":20,"column":6},"end":{"line":20,"column":33}},"type":"binary-expr","locations":[{"start":{"line":20,"column":6},"end":{"line":20,"column":16}},{"start":{"line":20,"column":20},"end":{"line":20,"column":33}}],"line":20}},"s":{"0":10,"1":10,"2":2,"3":8,"4":1,"5":7,"6":4,"7":3},"f":{"0":10},"b":{"0":[2,8],"1":[1,7],"2":[4,3],"3":[7,5]},"_coverageSchema":"1a1c01bbd47fc00a2c39e90264f33305004495a9","hash":"4c5b042c77df9b3a5fd7598f4a647a19aac352ec"}
,"C:\\Programacion Full stack\\Diseños y Arquitecturas de despliegues I\\numeros-romanos-Leanherediadev\\api\\verificarEntradaRomanos.js": {"path":"C:\\Programacion Full stack\\Diseños y Arquitecturas de despliegues I\\numeros-romanos-Leanherediadev\\api\\verificarEntradaRomanos.js","statementMap":{"0":{"start":{"line":3,"column":24},"end":{"line":3,"column":59}},"1":{"start":{"line":8,"column":2},"end":{"line":13,"column":3}},"2":{"start":{"line":9,"column":4},"end":{"line":12,"column":6}},"3":{"start":{"line":16,"column":22},"end":{"line":16,"column":54}},"4":{"start":{"line":19,"column":2},"end":{"line":25,"column":5}},"5":{"start":{"line":20,"column":4},"end":{"line":24,"column":5}},"6":{"start":{"line":21,"column":6},"end":{"line":23,"column":13}},"7":{"start":{"line":27,"column":2},"end":{"line":27,"column":21}}},"fnMap":{"0":{"name":"verificarEntradaRomanos","decl":{"start":{"line":5,"column":9},"end":{"line":5,"column":32}},"loc":{"start":{"line":5,"column":47},"end":{"line":28,"column":1}},"line":5},"1":{"name":"(anonymous_1)","decl":{"start":{"line":19,"column":22},"end":{"line":19,"column":23}},"loc":{"start":{"line":19,"column":27},"end":{"line":25,"column":3}},"line":19}},"branchMap":{"0":{"loc":{"start":{"line":8,"column":2},"end":{"line":13,"column":3}},"type":"if","locations":[{"start":{"line":8,"column":2},"end":{"line":13,"column":3}},{"start":{},"end":{}}],"line":8},"1":{"loc":{"start":{"line":8,"column":6},"end":{"line":8,"column":62}},"type":"binary-expr","locations":[{"start":{"line":8,"column":6},"end":{"line":8,"column":32}},{"start":{"line":8,"column":36},"end":{"line":8,"column":62}}],"line":8},"2":{"loc":{"start":{"line":20,"column":4},"end":{"line":24,"column":5}},"type":"if","locations":[{"start":{"line":20,"column":4},"end":{"line":24,"column":5}},{"start":{},"end":{}}],"line":20}},"s":{"0":1,"1":11,"2":6,"3":5,"4":5,"5":18,"6":3,"7":2},"f":{"0":11,"1":18},"b":{"0":[6,5],"1":[11,6],"2":[3,15]},"_coverageSchema":"1a1c01bbd47fc00a2c39e90264f33305004495a9","hash":"7cc7aa4a8ce66ded4ce451a2ff7e9f3d844186f9"}
,"C:\\Programacion Full stack\\Diseños y Arquitecturas de despliegues I\\numeros-romanos-Leanherediadev\\api\\verificarSimbolosRomanos.js": {"path":"C:\\Programacion Full stack\\Diseños y Arquitecturas de despliegues I\\numeros-romanos-Leanherediadev\\api\\verificarSimbolosRomanos.js","statementMap":{"0":{"start":{"line":5,"column":4},"end":{"line":33,"column":7}},"1":{"start":{"line":8,"column":8},"end":{"line":16,"column":9}},"2":{"start":{"line":9,"column":12},"end":{"line":15,"column":13}},"3":{"start":{"line":10,"column":16},"end":{"line":14,"column":18}},"4":{"start":{"line":19,"column":8},"end":{"line":31,"column":9}},"5":{"start":{"line":20,"column":12},"end":{"line":30,"column":13}},"6":{"start":{"line":25,"column":16},"end":{"line":29,"column":18}}},"fnMap":{"0":{"name":"verificarSimbolosRomanos","decl":{"start":{"line":3,"column":9},"end":{"line":3,"column":33}},"loc":{"start":{"line":3,"column":47},"end":{"line":34,"column":1}},"line":3},"1":{"name":"(anonymous_1)","decl":{"start":{"line":5,"column":18},"end":{"line":5,"column":19}},"loc":{"start":{"line":5,"column":28},"end":{"line":33,"column":5}},"line":5}},"branchMap":{"0":{"loc":{"start":{"line":8,"column":8},"end":{"line":16,"column":9}},"type":"if","locations":[{"start":{"line":8,"column":8},"end":{"line":16,"column":9}},{"start":{},"end":{}}],"line":8},"1":{"loc":{"start":{"line":9,"column":12},"end":{"line":15,"column":13}},"type":"if","locations":[{"start":{"line":9,"column":12},"end":{"line":15,"column":13}},{"start":{},"end":{}}],"line":9},"2":{"loc":{"start":{"line":19,"column":8},"end":{"line":31,"column":9}},"type":"if","locations":[{"start":{"line":19,"column":8},"end":{"line":31,"column":9}},{"start":{},"end":{}}],"line":19},"3":{"loc":{"start":{"line":20,"column":12},"end":{"line":30,"column":13}},"type":"if","locations":[{"start":{"line":20,"column":12},"end":{"line":30,"column":13}},{"start":{},"end":{}}],"line":20},"4":{"loc":{"start":{"line":21,"column":16},"end":{"line":23,"column":41}},"type":"binary-expr","locations":[{"start":{"line":21,"column":16},"end":{"line":21,"column":41}},{"start":{"line":22,"column":16},"end":{"line":22,"column":41}},{"start":{"line":23,"column":16},"end":{"line":23,"column":41}}],"line":21}},"s":{"0":15,"1":39,"2":9,"3":5,"4":34,"5":30,"6":5},"f":{"0":15,"1":39},"b":{"0":[9,30],"1":[5,4],"2":[30,4],"3":[5,25],"4":[30,9,7]},"_coverageSchema":"1a1c01bbd47fc00a2c39e90264f33305004495a9","hash":"8e4f53b9356752225bc529893eafa59252ab011e"}
}
