{"C:\\Programacion Full stack\\Diseños y Arquitecturas de despliegues I\\numeros-romanos-Leanherediadev_Oficial\\numeros-romanos-Leanherediadev\\romanos.js": {"path":"C:\\Programacion Full stack\\Diseños y Arquitecturas de despliegues I\\numeros-romanos-Leanherediadev_Oficial\\numeros-romanos-Leanherediadev\\romanos.js","statementMap":{"0":{"start":{"line":4,"column":2},"end":{"line":6,"column":3}},"1":{"start":{"line":5,"column":6},"end":{"line":5,"column":58}},"2":{"start":{"line":7,"column":2},"end":{"line":9,"column":3}},"3":{"start":{"line":8,"column":6},"end":{"line":8,"column":55}},"4":{"start":{"line":10,"column":2},"end":{"line":12,"column":3}},"5":{"start":{"line":11,"column":6},"end":{"line":11,"column":66}},"6":{"start":{"line":14,"column":18},"end":{"line":18,"column":3}},"7":{"start":{"line":20,"column":18},"end":{"line":20,"column":20}},"8":{"start":{"line":21,"column":2},"end":{"line":26,"column":3}},"9":{"start":{"line":22,"column":6},"end":{"line":25,"column":7}},"10":{"start":{"line":23,"column":10},"end":{"line":23,"column":31}},"11":{"start":{"line":24,"column":10},"end":{"line":24,"column":23}},"12":{"start":{"line":27,"column":2},"end":{"line":27,"column":19}},"13":{"start":{"line":31,"column":2},"end":{"line":33,"column":3}},"14":{"start":{"line":32,"column":6},"end":{"line":32,"column":62}},"15":{"start":{"line":35,"column":2},"end":{"line":35,"column":37}},"16":{"start":{"line":36,"column":2},"end":{"line":38,"column":3}},"17":{"start":{"line":37,"column":6},"end":{"line":37,"column":56}},"18":{"start":{"line":40,"column":18},"end":{"line":40,"column":64}},"19":{"start":{"line":42,"column":2},"end":{"line":44,"column":3}},"20":{"start":{"line":43,"column":6},"end":{"line":43,"column":48}},"21":{"start":{"line":46,"column":20},"end":{"line":46,"column":46}},"22":{"start":{"line":47,"column":2},"end":{"line":49,"column":3}},"23":{"start":{"line":47,"column":26},"end":{"line":47,"column":43}},"24":{"start":{"line":48,"column":6},"end":{"line":48,"column":62}},"25":{"start":{"line":51,"column":14},"end":{"line":51,"column":15}},"26":{"start":{"line":52,"column":13},"end":{"line":52,"column":14}},"27":{"start":{"line":54,"column":2},"end":{"line":62,"column":3}},"28":{"start":{"line":54,"column":15},"end":{"line":54,"column":31}},"29":{"start":{"line":55,"column":20},"end":{"line":55,"column":37}},"30":{"start":{"line":56,"column":6},"end":{"line":61,"column":7}},"31":{"start":{"line":57,"column":10},"end":{"line":57,"column":25}},"32":{"start":{"line":59,"column":10},"end":{"line":59,"column":25}},"33":{"start":{"line":60,"column":10},"end":{"line":60,"column":23}},"34":{"start":{"line":65,"column":2},"end":{"line":67,"column":3}},"35":{"start":{"line":66,"column":6},"end":{"line":66,"column":62}},"36":{"start":{"line":69,"column":2},"end":{"line":69,"column":15}},"37":{"start":{"line":72,"column":0},"end":{"line":72,"column":50}}},"fnMap":{"0":{"name":"arabicToRoman","decl":{"start":{"line":3,"column":9},"end":{"line":3,"column":22}},"loc":{"start":{"line":3,"column":28},"end":{"line":28,"column":1}},"line":3},"1":{"name":"romanToArabic","decl":{"start":{"line":30,"column":9},"end":{"line":30,"column":22}},"loc":{"start":{"line":30,"column":30},"end":{"line":70,"column":1}},"line":30},"2":{"name":"(anonymous_2)","decl":{"start":{"line":47,"column":21},"end":{"line":47,"column":22}},"loc":{"start":{"line":47,"column":26},"end":{"line":47,"column":43}},"line":47}},"branchMap":{"0":{"loc":{"start":{"line":4,"column":2},"end":{"line":6,"column":3}},"type":"if","locations":[{"start":{"line":4,"column":2},"end":{"line":6,"column":3}},{"start":{},"end":{}}],"line":4},"1":{"loc":{"start":{"line":4,"column":6},"end":{"line":4,"column":50}},"type":"binary-expr","locations":[{"start":{"line":4,"column":6},"end":{"line":4,"column":29}},{"start":{"line":4,"column":33},"end":{"line":4,"column":50}}],"line":4},"2":{"loc":{"start":{"line":7,"column":2},"end":{"line":9,"column":3}},"type":"if","locations":[{"start":{"line":7,"column":2},"end":{"line":9,"column":3}},{"start":{},"end":{}}],"line":7},"3":{"loc":{"start":{"line":10,"column":2},"end":{"line":12,"column":3}},"type":"if","locations":[{"start":{"line":10,"column":2},"end":{"line":12,"column":3}},{"start":{},"end":{}}],"line":10},"4":{"loc":{"start":{"line":10,"column":6},"end":{"line":10,"column":27}},"type":"binary-expr","locations":[{"start":{"line":10,"column":6},"end":{"line":10,"column":13}},{"start":{"line":10,"column":17},"end":{"line":10,"column":27}}],"line":10},"5":{"loc":{"start":{"line":31,"column":2},"end":{"line":33,"column":3}},"type":"if","locations":[{"start":{"line":31,"column":2},"end":{"line":33,"column":3}},{"start":{},"end":{}}],"line":31},"6":{"loc":{"start":{"line":36,"column":2},"end":{"line":38,"column":3}},"type":"if","locations":[{"start":{"line":36,"column":2},"end":{"line":38,"column":3}},{"start":{},"end":{}}],"line":36},"7":{"loc":{"start":{"line":42,"column":2},"end":{"line":44,"column":3}},"type":"if","locations":[{"start":{"line":42,"column":2},"end":{"line":44,"column":3}},{"start":{},"end":{}}],"line":42},"8":{"loc":{"start":{"line":47,"column":2},"end":{"line":49,"column":3}},"type":"if","locations":[{"start":{"line":47,"column":2},"end":{"line":49,"column":3}},{"start":{},"end":{}}],"line":47},"9":{"loc":{"start":{"line":56,"column":6},"end":{"line":61,"column":7}},"type":"if","locations":[{"start":{"line":56,"column":6},"end":{"line":61,"column":7}},{"start":{"line":58,"column":13},"end":{"line":61,"column":7}}],"line":56},"10":{"loc":{"start":{"line":65,"column":2},"end":{"line":67,"column":3}},"type":"if","locations":[{"start":{"line":65,"column":2},"end":{"line":67,"column":3}},{"start":{},"end":{}}],"line":65}},"s":{"0":17,"1":1,"2":16,"3":1,"4":15,"5":2,"6":13,"7":13,"8":13,"9":169,"10":35,"11":35,"12":13,"13":13,"14":1,"15":12,"16":12,"17":1,"18":11,"19":11,"20":1,"21":10,"22":10,"23":34,"24":4,"25":6,"26":6,"27":6,"28":6,"29":22,"30":22,"31":6,"32":16,"33":16,"34":6,"35":0,"36":6,"37":1},"f":{"0":17,"1":13,"2":34},"b":{"0":[1,16],"1":[17,16],"2":[1,15],"3":[2,13],"4":[15,14],"5":[1,12],"6":[1,11],"7":[1,10],"8":[4,6],"9":[6,16],"10":[0,6]},"_coverageSchema":"1a1c01bbd47fc00a2c39e90264f33305004495a9","hash":"80ef8e38fb3972bed84fc069278bfc3abbb85ca4"}
}
