TN:
SF:api\apiError.js
FN:2,(anonymous_0)
FN:14,(anonymous_1)
FNF:2
FNH:2
FNDA:35,(anonymous_0)
FNDA:35,(anonymous_1)
DA:3,35
DA:4,35
DA:5,35
DA:6,35
DA:7,35
DA:8,35
DA:9,35
DA:15,35
DA:21,35
LF:9
LH:9
BRDA:2,0,0,0
BRDA:2,1,0,35
BRF:2
BRH:1
end_of_record
TN:
SF:api\arabicToRoman.js
FN:1,arabicToRoman
FNF:1
FNH:1
FNDA:16,arabicToRoman
DA:2,16
DA:8,16
DA:9,16
DA:10,16
DA:11,208
DA:12,45
DA:13,45
DA:16,16
LF:8
LH:8
BRF:0
BRH:0
end_of_record
TN:
SF:api\convertirEntradaRomanos.js
FN:6,convertirEntradaRomano
FNF:1
FNH:1
FNDA:2,convertirEntradaRomano
DA:8,2
DA:11,1
DA:14,1
DA:17,1
DA:19,1
DA:20,0
DA:27,1
LF:7
LH:6
BRDA:19,0,0,0
BRDA:19,0,1,1
BRF:2
BRH:1
end_of_record
TN:
SF:api\errorMiddleware.js
FN:3,errorMiddleware
FNF:1
FNH:0
FNDA:0,errorMiddleware
DA:4,0
DA:5,0
DA:6,0
DA:7,0
DA:15,0
DA:18,0
DA:26,0
LF:7
LH:0
BRDA:4,0,0,0
BRDA:4,0,1,0
BRDA:6,1,0,0
BRDA:6,1,1,0
BRDA:12,2,0,0
BRDA:12,2,1,0
BRF:6
BRH:0
end_of_record
TN:
SF:api\romanToArabic.js
FN:3,romanToArabic
FNF:1
FNH:1
FNDA:24,romanToArabic
DA:4,24
DA:5,24
DA:7,24
DA:18,24
DA:19,73
DA:21,73
DA:22,46
DA:24,27
DA:26,10
DA:27,4
DA:33,6
DA:36,8
DA:37,2
DA:43,6
DA:46,5
DA:47,0
DA:53,5
DA:58,3
DA:65,18
DA:68,64
DA:71,15
LF:21
LH:20
BRDA:21,0,0,46
BRDA:21,0,1,27
BRDA:24,1,0,10
BRDA:24,1,1,8
BRDA:24,1,2,5
BRDA:24,1,3,1
BRDA:24,1,4,2
BRDA:24,1,5,3
BRDA:26,2,0,4
BRDA:26,2,1,6
BRDA:26,3,0,10
BRDA:26,3,1,7
BRDA:36,4,0,2
BRDA:36,4,1,6
BRDA:36,5,0,8
BRDA:36,5,1,5
BRDA:46,6,0,0
BRDA:46,6,1,5
BRDA:46,7,0,5
BRDA:46,7,1,3
BRF:20
BRH:19
end_of_record
TN:
SF:api\verificarEntradaDecimal.js
FN:3,verificarEntradaDecimal
FNF:1
FNH:1
FNDA:10,verificarEntradaDecimal
DA:4,10
DA:6,10
DA:7,2
DA:13,8
DA:14,1
DA:20,7
DA:21,4
DA:27,3
LF:8
LH:8
BRDA:6,0,0,2
BRDA:6,0,1,8
BRDA:13,1,0,1
BRDA:13,1,1,7
BRDA:20,2,0,4
BRDA:20,2,1,3
BRDA:20,3,0,7
BRDA:20,3,1,5
BRF:8
BRH:8
end_of_record
TN:
SF:api\verificarEntradaRomanos.js
FN:5,verificarEntradaRomanos
FN:19,(anonymous_1)
FNF:2
FNH:2
FNDA:11,verificarEntradaRomanos
FNDA:18,(anonymous_1)
DA:3,1
DA:8,11
DA:9,6
DA:16,5
DA:19,5
DA:20,18
DA:21,3
DA:27,2
LF:8
LH:8
BRDA:8,0,0,6
BRDA:8,0,1,5
BRDA:8,1,0,11
BRDA:8,1,1,6
BRDA:20,2,0,3
BRDA:20,2,1,15
BRF:6
BRH:6
end_of_record
TN:
SF:api\verificarSimbolosRomanos.js
FN:3,verificarSimbolosRomanos
FN:5,(anonymous_1)
FNF:2
FNH:2
FNDA:15,verificarSimbolosRomanos
FNDA:39,(anonymous_1)
DA:5,15
DA:8,39
DA:9,9
DA:10,5
DA:19,34
DA:20,30
DA:25,5
LF:7
LH:7
BRDA:8,0,0,9
BRDA:8,0,1,30
BRDA:9,1,0,5
BRDA:9,1,1,4
BRDA:19,2,0,30
BRDA:19,2,1,4
BRDA:20,3,0,5
BRDA:20,3,1,25
BRDA:21,4,0,30
BRDA:21,4,1,9
BRDA:21,4,2,7
BRF:11
BRH:11
end_of_record
