TN:
SF:romanos.js
FN:3,arabicToRoman
FN:30,romanToArabic
FN:47,(anonymous_2)
FNF:3
FNH:3
FNDA:17,arabicToRoman
FNDA:13,romanToArabic
FNDA:34,(anonymous_2)
DA:4,17
DA:5,1
DA:7,16
DA:8,1
DA:10,15
DA:11,2
DA:14,13
DA:20,13
DA:21,13
DA:22,169
DA:23,35
DA:24,35
DA:27,13
DA:31,13
DA:32,1
DA:35,12
DA:36,12
DA:37,1
DA:40,11
DA:42,11
DA:43,1
DA:46,10
DA:47,34
DA:48,4
DA:51,6
DA:52,6
DA:54,6
DA:55,22
DA:56,22
DA:57,6
DA:59,16
DA:60,16
DA:65,6
DA:66,0
DA:69,6
DA:72,1
LF:36
LH:35
BRDA:4,0,0,1
BRDA:4,0,1,16
BRDA:4,1,0,17
BRDA:4,1,1,16
BRDA:7,2,0,1
BRDA:7,2,1,15
BRDA:10,3,0,2
BRDA:10,3,1,13
BRDA:10,4,0,15
BRDA:10,4,1,14
BRDA:31,5,0,1
BRDA:31,5,1,12
BRDA:36,6,0,1
BRDA:36,6,1,11
BRDA:42,7,0,1
BRDA:42,7,1,10
BRDA:47,8,0,4
BRDA:47,8,1,6
BRDA:56,9,0,6
BRDA:56,9,1,16
BRDA:65,10,0,0
BRDA:65,10,1,6
BRF:22
BRH:21
end_of_record
